<?xml version="1.0" encoding="UTF-8"?>
<!-- Generated by org.testng.reporters.JUnitXMLReporter -->
<testsuite ignored="0" hostname="Kondapalli-PC" failures="0" tests="6" name="Default test" time="23.27" errors="0" timestamp="2023-05-01T19:47:07 CDT">
  <testcase classname="com.acti.base.DriverScript" name="initApplication" time="5.27"/>
  <testcase classname="com.acti.testcase.LoginPageTests" name="testActiImgDisplayed" time="3.861"/>
  <testcase classname="com.acti.testcase.LoginPageTests" name="testForgotPasswordDisplayed" time="3.351"/>
  <testcase classname="com.acti.testcase.LoginPageTests" name="testLoginFunction" time="3.498"/>
  <testcase classname="com.acti.testcase.LoginPageTests" name="testLoginInvalidCredentials" time="3.796"/>
  <testcase classname="com.acti.testcase.LoginPageTests" name="testLoginPageTitle" time="3.451"/>
</testsuite> <!-- Default test -->
