<?xml version="1.0" encoding="UTF-8"?>
<!-- Generated by org.testng.reporters.JUnitXMLReporter -->
<testsuite ignored="0" hostname="Kondapalli-PC" failures="0" tests="6" name="Default test" time="27.657" errors="0" timestamp="2023-05-02T19:19:30 CDT">
  <testcase classname="com.acti.base.DriverScript" name="initApplication" time="3.252"/>
  <testcase classname="com.acti.testcase.LoginPageTests" name="testActiImgDisplayed" time="0.066"/>
  <testcase classname="com.acti.testcase.LoginPageTests" name="testForgotPasswordDisplayed" time="0.042"/>
  <testcase classname="com.acti.testcase.LoginPageTests" name="testLoginFunction" time="0.226"/>
  <testcase classname="com.acti.testcase.LoginPageTests" name="testLoginInvalidCredentials" time="0.327"/>
  <testcase classname="com.acti.testcase.LoginPageTests" name="testLoginPageTitle" time="0.007"/>
</testsuite> <!-- Default test -->
