<?xml version="1.0" encoding="UTF-8"?>
<testng-results ignored="0" total="6" passed="6" failed="0" skipped="0">
  <reporter-output>
  </reporter-output>
  <suite started-at="2023-05-02T19:19:02 CDT" name="Default suite" finished-at="2023-05-02T19:19:30 CDT" duration-ms="27657">
    <groups>
    </groups>
    <test started-at="2023-05-02T19:19:02 CDT" name="Default test" finished-at="2023-05-02T19:19:30 CDT" duration-ms="27657">
      <class name="com.acti.testcase.LoginPageTests">
        <test-method is-config="true" signature="preTest()[pri:0, instance:com.acti.testcase.LoginPageTests@57cf54e1]" started-at="2023-05-02T19:19:02 CDT" name="preTest" finished-at="2023-05-02T19:19:08 CDT" duration-ms="5857" status="PASS">
          <reporter-output>
          </reporter-output>
        </test-method> <!-- preTest -->
        <test-method signature="initApplication()[pri:0, instance:com.acti.testcase.LoginPageTests@57cf54e1]" started-at="2023-05-02T19:19:08 CDT" name="initApplication" finished-at="2023-05-02T19:19:11 CDT" duration-ms="3252" status="PASS">
          <reporter-output>
          </reporter-output>
        </test-method> <!-- initApplication -->
        <test-method is-config="true" signature="tearDown()[pri:0, instance:com.acti.testcase.LoginPageTests@57cf54e1]" started-at="2023-05-02T19:19:11 CDT" name="tearDown" finished-at="2023-05-02T19:19:11 CDT" duration-ms="187" status="PASS">
          <reporter-output>
          </reporter-output>
        </test-method> <!-- tearDown -->
        <test-method is-config="true" signature="preTest()[pri:0, instance:com.acti.testcase.LoginPageTests@57cf54e1]" started-at="2023-05-02T19:19:11 CDT" name="preTest" finished-at="2023-05-02T19:19:14 CDT" duration-ms="3038" status="PASS">
          <reporter-output>
          </reporter-output>
        </test-method> <!-- preTest -->
        <test-method signature="testActiImgDisplayed()[pri:0, instance:com.acti.testcase.LoginPageTests@57cf54e1]" started-at="2023-05-02T19:19:14 CDT" name="testActiImgDisplayed" finished-at="2023-05-02T19:19:14 CDT" duration-ms="66" status="PASS">
          <reporter-output>
          </reporter-output>
        </test-method> <!-- testActiImgDisplayed -->
        <test-method is-config="true" signature="tearDown()[pri:0, instance:com.acti.testcase.LoginPageTests@57cf54e1]" started-at="2023-05-02T19:19:14 CDT" name="tearDown" finished-at="2023-05-02T19:19:15 CDT" duration-ms="240" status="PASS">
          <reporter-output>
          </reporter-output>
        </test-method> <!-- tearDown -->
        <test-method is-config="true" signature="preTest()[pri:0, instance:com.acti.testcase.LoginPageTests@57cf54e1]" started-at="2023-05-02T19:19:15 CDT" name="preTest" finished-at="2023-05-02T19:19:18 CDT" duration-ms="3401" status="PASS">
          <reporter-output>
          </reporter-output>
        </test-method> <!-- preTest -->
        <test-method signature="testForgotPasswordDisplayed()[pri:0, instance:com.acti.testcase.LoginPageTests@57cf54e1]" started-at="2023-05-02T19:19:18 CDT" name="testForgotPasswordDisplayed" finished-at="2023-05-02T19:19:18 CDT" duration-ms="42" status="PASS">
          <reporter-output>
          </reporter-output>
        </test-method> <!-- testForgotPasswordDisplayed -->
        <test-method is-config="true" signature="tearDown()[pri:0, instance:com.acti.testcase.LoginPageTests@57cf54e1]" started-at="2023-05-02T19:19:18 CDT" name="tearDown" finished-at="2023-05-02T19:19:18 CDT" duration-ms="157" status="PASS">
          <reporter-output>
          </reporter-output>
        </test-method> <!-- tearDown -->
        <test-method is-config="true" signature="preTest()[pri:0, instance:com.acti.testcase.LoginPageTests@57cf54e1]" started-at="2023-05-02T19:19:18 CDT" name="preTest" finished-at="2023-05-02T19:19:21 CDT" duration-ms="3071" status="PASS">
          <reporter-output>
          </reporter-output>
        </test-method> <!-- preTest -->
        <test-method signature="testLoginFunction()[pri:0, instance:com.acti.testcase.LoginPageTests@57cf54e1]" started-at="2023-05-02T19:19:21 CDT" name="testLoginFunction" finished-at="2023-05-02T19:19:22 CDT" duration-ms="226" status="PASS">
          <reporter-output>
          </reporter-output>
        </test-method> <!-- testLoginFunction -->
        <test-method is-config="true" signature="tearDown()[pri:0, instance:com.acti.testcase.LoginPageTests@57cf54e1]" started-at="2023-05-02T19:19:22 CDT" name="tearDown" finished-at="2023-05-02T19:19:22 CDT" duration-ms="146" status="PASS">
          <reporter-output>
          </reporter-output>
        </test-method> <!-- tearDown -->
        <test-method is-config="true" signature="preTest()[pri:0, instance:com.acti.testcase.LoginPageTests@57cf54e1]" started-at="2023-05-02T19:19:22 CDT" name="preTest" finished-at="2023-05-02T19:19:25 CDT" duration-ms="3747" status="PASS">
          <reporter-output>
          </reporter-output>
        </test-method> <!-- preTest -->
        <test-method signature="testLoginInvalidCredentials()[pri:0, instance:com.acti.testcase.LoginPageTests@57cf54e1]" started-at="2023-05-02T19:19:25 CDT" name="testLoginInvalidCredentials" finished-at="2023-05-02T19:19:26 CDT" duration-ms="327" status="PASS">
          <reporter-output>
          </reporter-output>
        </test-method> <!-- testLoginInvalidCredentials -->
        <test-method is-config="true" signature="tearDown()[pri:0, instance:com.acti.testcase.LoginPageTests@57cf54e1]" started-at="2023-05-02T19:19:26 CDT" name="tearDown" finished-at="2023-05-02T19:19:26 CDT" duration-ms="284" status="PASS">
          <reporter-output>
          </reporter-output>
        </test-method> <!-- tearDown -->
        <test-method is-config="true" signature="preTest()[pri:0, instance:com.acti.testcase.LoginPageTests@57cf54e1]" started-at="2023-05-02T19:19:26 CDT" name="preTest" finished-at="2023-05-02T19:19:29 CDT" duration-ms="3427" status="PASS">
          <reporter-output>
          </reporter-output>
        </test-method> <!-- preTest -->
        <test-method signature="testLoginPageTitle()[pri:0, instance:com.acti.testcase.LoginPageTests@57cf54e1]" started-at="2023-05-02T19:19:29 CDT" name="testLoginPageTitle" finished-at="2023-05-02T19:19:29 CDT" duration-ms="7" status="PASS">
          <reporter-output>
          </reporter-output>
        </test-method> <!-- testLoginPageTitle -->
        <test-method is-config="true" signature="tearDown()[pri:0, instance:com.acti.testcase.LoginPageTests@57cf54e1]" started-at="2023-05-02T19:19:29 CDT" name="tearDown" finished-at="2023-05-02T19:19:30 CDT" duration-ms="126" status="PASS">
          <reporter-output>
          </reporter-output>
        </test-method> <!-- tearDown -->
      </class> <!-- com.acti.testcase.LoginPageTests -->
    </test> <!-- Default test -->
  </suite> <!-- Default suite -->
</testng-results>
